<?xml version="1.0" encoding="UTF-8"?>
<!-- Generated by org.testng.reporters.JUnitXMLReporter -->
<testsuite hostname="LAPTOP-2P2P5LU3" ignored="0" name="Command line test" tests="3" failures="0" timestamp="07 Nov 2019 07:10:40 GMT" time="55.502" errors="0">
  <testcase name="footerlinksTest" time="1.06" classname="com.wbl.AutomationFramework1.HomePageTest"/>
  <testcase name="headerNavLinkTest" time="0.239" classname="com.wbl.AutomationFramework1.HomePageTest"/>
  <testcase name="searchTest" time="7.079" classname="com.wbl.AutomationFramework1.HomePageTest"/>
</testsuite> <!-- Command line test -->
